<?xml version="1.0" encoding="UTF-8"?>
<!-- Generated by org.testng.reporters.JUnitReportReporter -->
<testsuite skipped="0" hostname="PC159112" name="com.smart_internet.Test_cases.VerifyUserLogin_Page" tests="1" failures="0" timestamp="22 Nov 2016 12:51:14 GMT" time="29.307" errors="0">
  <testcase name="Usrlogin_page" time="29.307" classname="com.smart_internet.Test_cases.VerifyUserLogin_Page"/>
</testsuite> <!-- com.smart_internet.Test_cases.VerifyUserLogin_Page -->
