<?xml version="1.0" encoding="UTF-8"?>
<!-- Generated by org.testng.reporters.JUnitReportReporter -->
<testsuite skipped="0" hostname="PC159112" name="com.smart_internet.Test_cases.VerifyUserLogin" tests="3" failures="0" timestamp="29 Nov 2016 09:51:29 GMT" time="85.613" errors="0">
  <testcase name="Usrlogin_page" time="25.455" classname="com.smart_internet.Test_cases.VerifyUserLogin"/>
  <testcase name="userlogin_negetiveScenario" time="36.254" classname="com.smart_internet.Test_cases.VerifyUserLogin"/>
  <testcase name="userlogin_Polaris" time="23.904" classname="com.smart_internet.Test_cases.VerifyUserLogin"/>
</testsuite> <!-- com.smart_internet.Test_cases.VerifyUserLogin -->
