<?xml version="1.0" encoding="UTF-8"?>
<!-- Generated by org.testng.reporters.JUnitReportReporter -->
<testsuite skipped="0" hostname="PC159112" name="com.smart_internet.Test_cases.VerifyUserLogin" tests="3" failures="0" timestamp="29 Nov 2016 09:15:45 GMT" time="66.498" errors="0">
  <testcase name="userlogin_negetiveScenario" time="23.150" classname="com.smart_internet.Test_cases.VerifyUserLogin"/>
  <testcase name="Usrlogin_page" time="22.846" classname="com.smart_internet.Test_cases.VerifyUserLogin"/>
  <testcase name="userlogin_Polaris" time="20.502" classname="com.smart_internet.Test_cases.VerifyUserLogin"/>
</testsuite> <!-- com.smart_internet.Test_cases.VerifyUserLogin -->
