<?xml version="1.0" encoding="UTF-8"?>
<!-- Generated by org.testng.reporters.JUnitReportReporter -->
<testsuite skipped="0" hostname="PC159112" name="com.smart_internet.Test_cases.VerifyUserLogin" tests="2" failures="0" timestamp="28 Nov 2016 11:23:30 GMT" time="52.693" errors="0">
  <testcase name="userlogin_Polaris" time="19.580" classname="com.smart_internet.Test_cases.VerifyUserLogin"/>
  <testcase name="Usrlogin_page" time="33.113" classname="com.smart_internet.Test_cases.VerifyUserLogin"/>
</testsuite> <!-- com.smart_internet.Test_cases.VerifyUserLogin -->
