<?xml version="1.0" encoding="UTF-8"?>
<!-- Generated by org.testng.reporters.JUnitReportReporter -->
<testsuite skipped="0" hostname="PC159112" name="com.smart_internet.Test_cases.VerifyUserLogin" tests="2" failures="0" timestamp="23 Nov 2016 07:54:18 GMT" time="51.331" errors="0">
  <testcase name="userlogin_Polaris" time="20.183" classname="com.smart_internet.Test_cases.VerifyUserLogin"/>
  <testcase name="Usrlogin_page" time="31.148" classname="com.smart_internet.Test_cases.VerifyUserLogin"/>
</testsuite> <!-- com.smart_internet.Test_cases.VerifyUserLogin -->
