<?xml version="1.0" encoding="UTF-8"?>
<!-- Generated by org.testng.reporters.JUnitReportReporter -->
<testsuite hostname="PC159112" name="com.smart_internet.Test_cases.VerifyUserLogin_Polaris" tests="1" failures="0" timestamp="15 Nov 2016 12:17:33 GMT" time="23.698" errors="0">
  <testcase name="userlogin_Polaris" time="23.698" classname="com.smart_internet.Test_cases.VerifyUserLogin_Polaris"/>
</testsuite> <!-- com.smart_internet.Test_cases.VerifyUserLogin_Polaris -->
